TN:
SF:api\routes\index.ts
FN:9,createRoutes
FNF:1
FNH:1
FNDA:1,createRoutes
DA:1,1
DA:2,1
DA:3,1
DA:4,1
DA:5,1
DA:6,1
DA:7,1
DA:8,1
DA:9,1
DA:10,1
DA:11,1
DA:12,1
DA:13,1
DA:14,1
DA:15,1
DA:16,1
DA:17,1
DA:18,1
DA:19,1
DA:20,1
LF:20
LH:20
BRDA:9,0,0,1
BRF:1
BRH:1
end_of_record
TN:
SF:api\routes\member.ts
FN:6,Object.<anonymous>.exports.default
FNF:1
FNH:1
FNDA:1,Object.<anonymous>.exports.default
DA:1,1
DA:2,1
DA:3,1
DA:4,1
DA:5,1
DA:6,1
DA:7,1
DA:8,1
DA:9,3
DA:10,3
DA:11,3
DA:12,3
DA:13,3
DA:14,3
DA:15,3
DA:16,3
DA:17,3
DA:18,1
DA:19,1
DA:20,3
DA:21,1
DA:22,1
DA:23,1
DA:24,3
DA:25,3
DA:26,3
DA:27,3
DA:28,3
DA:29,3
DA:30,3
DA:31,3
DA:32,0
DA:33,0
DA:34,0
DA:35,0
DA:36,0
DA:37,0
DA:38,1
DA:39,1
DA:40,1
DA:41,1
LF:41
LH:35
BRDA:6,0,0,1
BRDA:8,1,0,3
BRDA:17,2,0,1
BRDA:20,3,0,2
BRDA:20,4,0,1
BRDA:31,5,0,0
BRF:6
BRH:5
end_of_record
TN:
SF:api\routes\offices.ts
FN:6,Object.<anonymous>.exports.default
FNF:1
FNH:1
FNDA:1,Object.<anonymous>.exports.default
DA:1,1
DA:2,1
DA:3,1
DA:4,1
DA:5,1
DA:6,1
DA:7,1
DA:8,1
DA:9,3
DA:10,3
DA:11,3
DA:12,3
DA:13,3
DA:14,3
DA:15,3
DA:16,3
DA:17,1
DA:18,1
DA:19,1
DA:20,1
DA:21,1
DA:22,2
DA:23,2
DA:24,3
DA:25,1
DA:26,1
DA:27,1
DA:28,2
DA:29,2
DA:30,2
DA:31,2
DA:32,2
DA:33,2
DA:34,2
DA:35,2
DA:36,2
DA:37,3
DA:38,0
DA:39,0
DA:40,0
DA:41,0
DA:42,0
DA:43,0
DA:44,1
DA:45,1
DA:46,1
DA:47,1
LF:47
LH:41
BRDA:6,0,0,1
BRDA:8,1,0,3
BRDA:16,2,0,2
BRDA:16,3,0,1
BRDA:16,4,0,1
BRDA:22,5,0,2
BRDA:24,6,0,1
BRDA:28,7,0,2
BRDA:37,8,0,0
BRF:9
BRH:8
end_of_record
TN:
SF:api\routes\transaction.ts
FN:6,Object.<anonymous>.exports.default
FNF:1
FNH:1
FNDA:1,Object.<anonymous>.exports.default
DA:1,1
DA:2,1
DA:3,1
DA:4,1
DA:5,1
DA:6,1
DA:7,1
DA:8,1
DA:9,3
DA:10,3
DA:11,3
DA:12,3
DA:13,3
DA:14,3
DA:15,3
DA:16,3
DA:17,1
DA:18,1
DA:19,3
DA:20,1
DA:21,1
DA:22,1
DA:23,1
DA:24,1
DA:25,1
DA:26,1
DA:27,1
DA:28,2
DA:29,2
DA:30,2
DA:31,2
DA:32,2
DA:33,2
DA:34,2
DA:35,3
DA:36,0
DA:37,0
DA:38,0
DA:39,0
DA:40,0
DA:41,0
DA:42,1
DA:43,1
DA:44,1
DA:45,1
LF:45
LH:39
BRDA:6,0,0,1
BRDA:8,1,0,3
BRDA:16,2,0,1
BRDA:19,3,0,2
BRDA:19,4,0,1
BRDA:35,5,0,0
BRF:6
BRH:5
end_of_record
